Arguments: 
  /usr/local/Cellar/node/12.6.0/bin/node /usr/local/Cellar/yarn/1.17.3/libexec/bin/yarn.js add -D @semantic-release/git

PATH: 
  /Users/jh/.yarn/bin:/Users/jh/.kiex/elixirs/elixir-1.6.1/bin:/Users/jh/.kiex/bin:/usr/local/bin:/usr/bin:/bin:/usr/sbin:/sbin:/Library/Frameworks/Mono.framework/Versions/Current/Commands:/usr/local/bin:/usr/local/Cellar/libxml2/2.9.1:/usr/local/sbin:/usr/local/git/bin:/usr/sbin:/usr/bin:/sbin:/bin:/usr/local/heroku/bin:/Applications/Postgres.app/Contents/Versions/latest/bin:/Users/jh/Library/Android/sdk/tools:/Users/jh/Library/Android/sdk/tools/bin:/Users/jh/Library/Android/sdk/platform-tools:/Applications/Xcode.app/Contents/Developer/Toolchains/XcodeDefault.xctoolchain/usr/bin:/Users/jh/.rubies/ruby-2.5.0/bin

Yarn version: 
  1.17.3

Node version: 
  12.6.0

Platform: 
  darwin x64

Trace: 
  SyntaxError: /Users/jh/Code/ReactNative/react-navx/package.json: Unexpected token } in JSON at position 358
      at JSON.parse (<anonymous>)
      at /usr/local/Cellar/yarn/1.17.3/libexec/lib/cli.js:1625:59
      at Generator.next (<anonymous>)
      at step (/usr/local/Cellar/yarn/1.17.3/libexec/lib/cli.js:304:30)
      at /usr/local/Cellar/yarn/1.17.3/libexec/lib/cli.js:315:13

npm manifest: 
  {
    "name": "react-navx",
    "version": "0.0.1",
    "description": "Navigation and state management in one place for your React Native projects, featuring React Navigation and MobX",
    "main": "index.js",
    "repository": "https://github.com/infinitered/react-navx",
    "author": "Jamon Holmgren",
    "license": "MIT",
    "scripts": {
      "compile": "tsc -p .",
    },
    "dependencies": {
      "@react-native-community/async-storage": "^1.6.1",
      "mobx": "4.13.0",
      "mobx-react": "^6.1.3",
      "mobx-state-tree": "^3.14.1",
      "react-navigation": "^3.11.1"
    },
    "devDependencies": {
      "@types/react-navigation": "^3.0.8",
      "prettier": "^1.18.2",
      "typescript": "^3.5.3"
    },
    "eslintConfig": {
      "extends": [
        "standard",
        "prettier"
      ],
      "globals": {
        "__DEV__": false,
        "jasmine": false,
        "beforeAll": false,
        "afterAll": false,
        "beforeEach": false,
        "test": false,
        "expect": false,
        "describe": false,
        "jest": false,
        "it": false
      }
    },
    "release": {
      "plugins": [
        "@semantic-release/commit-analyzer",
        "@semantic-release/release-notes-generator",
        "@semantic-release/npm",
        "@semantic-release/github",
        [
          "@semantic-release/git",
          {
            "assets": "package.json",
            "message": "chore(release): ${nextRelease.version} [skip ci]\n\n${nextRelease.notes}"
          }
        ]
      ]
    }
  }

yarn manifest: 
  No manifest

Lockfile: 
  # THIS IS AN AUTOGENERATED FILE. DO NOT EDIT THIS FILE DIRECTLY.
  # yarn lockfile v1
  
  
  "@react-native-community/async-storage@^1.6.1":
    version "1.6.1"
    resolved "https://registry.yarnpkg.com/@react-native-community/async-storage/-/async-storage-1.6.1.tgz#19be07fc1d65c77bdeb20f46108ba12076aad1c5"
    integrity sha512-1WA28xfdhG+unkTEk/lXnqI2izv6belo0CYw7UdvaeHm8TIYT6eTmIIdGR7oiCa2xSKEnaPQqRMH6h7gyLNbww==
  
  "@react-navigation/core@~3.4.1":
    version "3.4.2"
    resolved "https://registry.yarnpkg.com/@react-navigation/core/-/core-3.4.2.tgz#bec563e94fde40fbab3730cdc97f22afbb2a1498"
    integrity sha512-7G+iDzLSTeOUU4vVZeRZKJ+Bd7ds7ZxYNqZcB8i0KlBeQEQfR74Ounfu/p0KIEq2RiNnaE3QT7WVP3C87sebzw==
    dependencies:
      hoist-non-react-statics "^3.3.0"
      path-to-regexp "^1.7.0"
      query-string "^6.4.2"
      react-is "^16.8.6"
  
  "@react-navigation/native@~3.5.0":
    version "3.5.0"
    resolved "https://registry.yarnpkg.com/@react-navigation/native/-/native-3.5.0.tgz#f5d16e0845ac26d1147d1caa481f18a00740e7ae"
    integrity sha512-TmGOis++ejEXG3sqNJhCSKqB0/qLu3FQgDtO959qpqif36R/diR8SQwJqeSdofoEiK3CepdhFlTCeHdS1/+MsQ==
    dependencies:
      hoist-non-react-statics "^3.0.1"
      react-native-safe-area-view "^0.14.1"
      react-native-screens "^1.0.0 || ^1.0.0-alpha"
  
  "@types/prop-types@*":
    version "15.7.1"
    resolved "https://registry.yarnpkg.com/@types/prop-types/-/prop-types-15.7.1.tgz#f1a11e7babb0c3cad68100be381d1e064c68f1f6"
    integrity sha512-CFzn9idOEpHrgdw8JsoTkaDDyRWk1jrzIV8djzcgpq0y9tG4B4lFT+Nxh52DVpDXV+n4+NPNv7M1Dj5uMp6XFg==
  
  "@types/react-native@*":
    version "0.60.5"
    resolved "https://registry.yarnpkg.com/@types/react-native/-/react-native-0.60.5.tgz#24371cdc724f95381f9b309b08204827dd8de251"
    integrity sha512-OWk8r2HzDKkas5WGFfin7CFuSgDsXvO9tDUqNemitbrlXhQ41Zk1R3lv8Vsc843X8NIb/+BO0IQKw72Pd84UNA==
    dependencies:
      "@types/prop-types" "*"
      "@types/react" "*"
  
  "@types/react-navigation@^3.0.8":
    version "3.0.8"
    resolved "https://registry.yarnpkg.com/@types/react-navigation/-/react-navigation-3.0.8.tgz#770d5217a4795fe8526e2a69cc6ccb8600c911e4"
    integrity sha512-r8UQvBmOz7XjPE8AHTHh0SThGqModhQtSsntkmob7rczhueJIqDwBOgsEn54SJa25XzD/KBlelAWeVZ7+Ggm8A==
    dependencies:
      "@types/react" "*"
      "@types/react-native" "*"
  
  "@types/react@*":
    version "16.9.1"
    resolved "https://registry.yarnpkg.com/@types/react/-/react-16.9.1.tgz#862c83b4c9d5cd116e42fd9a4f3694843cd2c051"
    integrity sha512-jGM2x8F7m7/r+81N/BOaUKVwbC5Cdw6ExlWEUpr77XPwVeNvAppnPEnMMLMfxRDYL8FPEX8MHjwtD2NQMJ0yyQ==
    dependencies:
      "@types/prop-types" "*"
      csstype "^2.2.0"
  
  csstype@^2.2.0:
    version "2.6.6"
    resolved "https://registry.yarnpkg.com/csstype/-/csstype-2.6.6.tgz#c34f8226a94bbb10c32cc0d714afdf942291fc41"
    integrity sha512-RpFbQGUE74iyPgvr46U9t1xoQBM8T4BL8SxrN66Le2xYAPSaDJJKeztV3awugusb3g3G9iL8StmkBBXhcbbXhg==
  
  debounce@^1.2.0:
    version "1.2.0"
    resolved "https://registry.yarnpkg.com/debounce/-/debounce-1.2.0.tgz#44a540abc0ea9943018dc0eaa95cce87f65cd131"
    integrity sha512-mYtLl1xfZLi1m4RtQYlZgJUNQjl4ZxVnHzIR8nLLgi4q1YT8o/WM+MK/f8yfcc9s5Ir5zRaPZyZU6xs1Syoocg==
  
  decode-uri-component@^0.2.0:
    version "0.2.0"
    resolved "https://registry.yarnpkg.com/decode-uri-component/-/decode-uri-component-0.2.0.tgz#eb3913333458775cb84cd1a1fae062106bb87545"
    integrity sha1-6zkTMzRYd1y4TNGh+uBiEGu4dUU=
  
  hoist-non-react-statics@^2.3.1, hoist-non-react-statics@^2.5.0:
    version "2.5.5"
    resolved "https://registry.yarnpkg.com/hoist-non-react-statics/-/hoist-non-react-statics-2.5.5.tgz#c5903cf409c0dfd908f388e619d86b9c1174cb47"
    integrity sha512-rqcy4pJo55FTTLWt+bU8ukscqHeE/e9KWvsOW2b/a3afxQZhwkQdT1rPPCJ0rYXdj4vNcasY8zHTH+jF/qStxw==
  
  hoist-non-react-statics@^3.0.1, hoist-non-react-statics@^3.3.0:
    version "3.3.0"
    resolved "https://registry.yarnpkg.com/hoist-non-react-statics/-/hoist-non-react-statics-3.3.0.tgz#b09178f0122184fb95acf525daaecb4d8f45958b"
    integrity sha512-0XsbTXxgiaCDYDIWFcwkmerZPSwywfUqYmwT4jzewKTQSWoE6FCMoUVOeBJWK3E/CrWbxRG3m5GzY4lnIwGRBA==
    dependencies:
      react-is "^16.7.0"
  
  isarray@0.0.1:
    version "0.0.1"
    resolved "https://registry.yarnpkg.com/isarray/-/isarray-0.0.1.tgz#8a18acfca9a8f4177e09abfc6038939b05d1eedf"
    integrity sha1-ihis/Kmo9Bd+Cav8YDiTmwXR7t8=
  
  "js-tokens@^3.0.0 || ^4.0.0":
    version "4.0.0"
    resolved "https://registry.yarnpkg.com/js-tokens/-/js-tokens-4.0.0.tgz#19203fb59991df98e3a287050d4647cdeaf32499"
    integrity sha512-RdJUflcE3cUzKiMqQgsCu06FPu9UdIJO0beYbPhHN4k6apgJtifcoCtT9bcxOpYBtpD2kCM6Sbzg4CausW/PKQ==
  
  loose-envify@^1.4.0:
    version "1.4.0"
    resolved "https://registry.yarnpkg.com/loose-envify/-/loose-envify-1.4.0.tgz#71ee51fa7be4caec1a63839f7e682d8132d30caf"
    integrity sha512-lyuxPGr/Wfhrlem2CL/UcnUc1zcqKAImBDzukY7Y5F/yQiNdko6+fRLevlw1HgMySw7f611UIY408EtxRSoK3Q==
    dependencies:
      js-tokens "^3.0.0 || ^4.0.0"
  
  mobx-react-lite@1.4.0:
    version "1.4.0"
    resolved "https://registry.yarnpkg.com/mobx-react-lite/-/mobx-react-lite-1.4.0.tgz#193beb5fdddf17ae61542f65ff951d84db402351"
    integrity sha512-5xCuus+QITQpzKOjAOIQ/YxNhOl/En+PlNJF+5QU4Qxn9gnNMJBbweAdEW3HnuVQbfqDYEUnkGs5hmkIIStehg==
  
  mobx-react@^6.1.3:
    version "6.1.3"
    resolved "https://registry.yarnpkg.com/mobx-react/-/mobx-react-6.1.3.tgz#ad07880ea60cdcdb2a7e2a0d54e01379710cf00a"
    integrity sha512-eT/jO9dYIoB1AlZwI2VC3iX0gPOeOIqZsiwg7tDJV1B7Z69h+TZZL3dgOE0UeS2zoHhGeKbP+K+OLeLMnnkGnA==
    dependencies:
      mobx-react-lite "1.4.0"
  
  mobx-state-tree@^3.14.1:
    version "3.14.1"
    resolved "https://registry.yarnpkg.com/mobx-state-tree/-/mobx-state-tree-3.14.1.tgz#0a523876b87817f5c8553a162e71b38044f0c9da"
    integrity sha512-cmwO1jvYPgaJTGJtqId0Qod4cDqcJEWWCwSu/Uns7jFT+kWKzLFhzb9jxPub8YM3HSXg7HPGpKiLe970he9FOw==
  
  mobx@4.13.0:
    version "4.13.0"
    resolved "https://registry.yarnpkg.com/mobx/-/mobx-4.13.0.tgz#af4be9aac596c622a2bba4bfdaa67a5adb2ed90f"
    integrity sha512-+hJTBIBRz4sWKpBTj2t2YbjJVlFJIGYiVoHnNUl03krsiFzXGNtqLjFvTPE1+fnN6Mq6LGfvgRKiGsBtZvZBwg==
  
  object-assign@^4.1.1:
    version "4.1.1"
    resolved "https://registry.yarnpkg.com/object-assign/-/object-assign-4.1.1.tgz#2109adc7965887cfc05cbbd442cac8bfbb360863"
    integrity sha1-IQmtx5ZYh8/AXLvUQsrIv7s2CGM=
  
  path-to-regexp@^1.7.0:
    version "1.7.0"
    resolved "https://registry.yarnpkg.com/path-to-regexp/-/path-to-regexp-1.7.0.tgz#59fde0f435badacba103a84e9d3bc64e96b9937d"
    integrity sha1-Wf3g9DW62suhA6hOnTvGTpa5k30=
    dependencies:
      isarray "0.0.1"
  
  prettier@^1.18.2:
    version "1.18.2"
    resolved "https://registry.yarnpkg.com/prettier/-/prettier-1.18.2.tgz#6823e7c5900017b4bd3acf46fe9ac4b4d7bda9ea"
    integrity sha512-OeHeMc0JhFE9idD4ZdtNibzY0+TPHSpSSb9h8FqtP+YnoZZ1sl8Vc9b1sasjfymH3SonAF4QcA2+mzHPhMvIiw==
  
  prop-types@^15.6.1:
    version "15.7.2"
    resolved "https://registry.yarnpkg.com/prop-types/-/prop-types-15.7.2.tgz#52c41e75b8c87e72b9d9360e0206b99dcbffa6c5"
    integrity sha512-8QQikdH7//R2vurIJSutZ1smHYTcLpRWEOlHnzcWHmBYrOGUysKwSsrC89BCiFj3CbrfJ/nXFdJepOVrY1GCHQ==
    dependencies:
      loose-envify "^1.4.0"
      object-assign "^4.1.1"
      react-is "^16.8.1"
  
  query-string@^6.4.2:
    version "6.8.2"
    resolved "https://registry.yarnpkg.com/query-string/-/query-string-6.8.2.tgz#36cb7e452ae11a4b5e9efee83375e0954407b2f6"
    integrity sha512-J3Qi8XZJXh93t2FiKyd/7Ec6GNifsjKXUsVFkSBj/kjLsDylWhnCz4NT1bkPcKotttPW+QbKGqqPH8OoI2pdqw==
    dependencies:
      decode-uri-component "^0.2.0"
      split-on-first "^1.0.0"
      strict-uri-encode "^2.0.0"
  
  react-is@^16.7.0, react-is@^16.8.1, react-is@^16.8.6:
    version "16.9.0"
    resolved "https://registry.yarnpkg.com/react-is/-/react-is-16.9.0.tgz#21ca9561399aad0ff1a7701c01683e8ca981edcb"
    integrity sha512-tJBzzzIgnnRfEm046qRcURvwQnZVXmuCbscxUO5RWrGTXpon2d4c8mI0D8WE6ydVIm29JiLB6+RslkIvym9Rjw==
  
  react-lifecycles-compat@^3.0.4:
    version "3.0.4"
    resolved "https://registry.yarnpkg.com/react-lifecycles-compat/-/react-lifecycles-compat-3.0.4.tgz#4f1a273afdfc8f3488a8c516bfda78f872352362"
    integrity sha512-fBASbA6LnOU9dOU2eW7aQ8xmYBSXUIWr+UmF9b1efZBazGNO+rcXT/icdKnYm2pTwcRylVUYwW7H1PHfLekVzA==
  
  react-native-safe-area-view@^0.14.1:
    version "0.14.7"
    resolved "https://registry.yarnpkg.com/react-native-safe-area-view/-/react-native-safe-area-view-0.14.7.tgz#e1dd1c4d25a90677df2c15347fdddb2306ba5971"
    integrity sha512-fmuBYpvKDJK33bimo4JXrK2BN2CGw7nof1y1LDRgzqv+FZ3eADSDGshprN8WeQqSZjQ20hJx1CiWk28Edg/v4Q==
    dependencies:
      hoist-non-react-statics "^2.3.1"
  
  "react-native-screens@^1.0.0 || ^1.0.0-alpha":
    version "1.0.0-alpha.23"
    resolved "https://registry.yarnpkg.com/react-native-screens/-/react-native-screens-1.0.0-alpha.23.tgz#25d7ea4d11bda4fcde2d1da7ae50271c6aa636e0"
    integrity sha512-tOxHGQUN83MTmQB4ghoQkibqOdGiX4JQEmeyEv96MKWO/x8T2PJv84ECUos9hD3blPRQwVwSpAid1PPPhrVEaw==
    dependencies:
      debounce "^1.2.0"
  
  react-native-tab-view@^1.2.0, react-native-tab-view@^1.4.1:
    version "1.4.1"
    resolved "https://registry.yarnpkg.com/react-native-tab-view/-/react-native-tab-view-1.4.1.tgz#f113cd87485808f0c991abec937f70fa380478b9"
    integrity sha512-Bke8KkDcDhvB/z0AS7MnQKMD2p6Kwfc1rSKlMOvg9CC5CnClQ2QEnhPSbwegKDYhUkBI92iH/BYy7hNSm5kbUQ==
    dependencies:
      prop-types "^15.6.1"
  
  react-navigation-drawer@~1.2.1:
    version "1.2.1"
    resolved "https://registry.yarnpkg.com/react-navigation-drawer/-/react-navigation-drawer-1.2.1.tgz#7bd5efeee7d2f611d3ebb0933e0c8e8eb7cafe52"
    integrity sha512-T2kaBjY2c4/3I6noWFnaf/c18ntNH5DsST38i+pdc2NPxn5Yi5lkK+ZZTeKuHSFD4a7G0jWY9OGf1iRkHWLMAQ==
    dependencies:
      react-native-tab-view "^1.2.0"
  
  react-navigation-stack@~1.4.0:
    version "1.4.0"
    resolved "https://registry.yarnpkg.com/react-navigation-stack/-/react-navigation-stack-1.4.0.tgz#69cdb029ea4ee5877d7e933b3117dc90bc841eb2"
    integrity sha512-zEe9wCA0Ot8agarYb//0nSWYW1GM+1R0tY/nydUV0EizeJ27At0EklYVWvYEuYU6C48va6cu8OPL7QD/CcJACw==
  
  react-navigation-tabs@~1.1.4:
    version "1.1.4"
    resolved "https://registry.yarnpkg.com/react-navigation-tabs/-/react-navigation-tabs-1.1.4.tgz#00a312250df3c519c60b7815a523ace5ee11163a"
    integrity sha512-py2hLCRxPwXOzmY1W9XcY1rWXxdK6RGW/aXh56G9gIf8cpHNDhy/bJV4e46/JrVcse3ybFaN0liT09/DM/NdwQ==
    dependencies:
      hoist-non-react-statics "^2.5.0"
      prop-types "^15.6.1"
      react-lifecycles-compat "^3.0.4"
      react-native-tab-view "^1.4.1"
  
  react-navigation@^3.11.1:
    version "3.11.1"
    resolved "https://registry.yarnpkg.com/react-navigation/-/react-navigation-3.11.1.tgz#ba696ad6b512088a97a20cc7e6a250c53dbddd26"
    integrity sha512-n64HxLG5s5ucVFo1Gs+D9ujChhHDd98lpQ1p27wL7gq8V1PaRJMvsBEIsguhtc2rTIL/TWDynOesXQDG+Eg6FQ==
    dependencies:
      "@react-navigation/core" "~3.4.1"
      "@react-navigation/native" "~3.5.0"
      react-navigation-drawer "~1.2.1"
      react-navigation-stack "~1.4.0"
      react-navigation-tabs "~1.1.4"
  
  split-on-first@^1.0.0:
    version "1.1.0"
    resolved "https://registry.yarnpkg.com/split-on-first/-/split-on-first-1.1.0.tgz#f610afeee3b12bce1d0c30425e76398b78249a5f"
    integrity sha512-43ZssAJaMusuKWL8sKUBQXHWOpq8d6CfN/u1p4gUzfJkM05C8rxTmYrkIPTXapZpORA6LkkzcUulJ8FqA7Uudw==
  
  strict-uri-encode@^2.0.0:
    version "2.0.0"
    resolved "https://registry.yarnpkg.com/strict-uri-encode/-/strict-uri-encode-2.0.0.tgz#b9c7330c7042862f6b142dc274bbcc5866ce3546"
    integrity sha1-ucczDHBChi9rFC3CdLvMWGbONUY=
  
  typescript@^3.5.3:
    version "3.5.3"
    resolved "https://registry.yarnpkg.com/typescript/-/typescript-3.5.3.tgz#c830f657f93f1ea846819e929092f5fe5983e977"
    integrity sha512-ACzBtm/PhXBDId6a6sDJfroT2pOWt/oOnk4/dElG5G33ZL776N3Y6/6bKZJBFpd+b05F3Ct9qDjMeJmRWtE2/g==
